2026-06-16 11:11:09,205 INFO o.a.j.u.JMeterUtils: Setting Locale to en_EN
2026-06-16 11:11:09,218 INFO o.a.j.JMeter: Loading user properties from: C:\Users\lazdi\Documents\ITMO\Subjects\Software_testing\apache-jmeter\apache-jmeter-5.6.3\bin\user.properties
2026-06-16 11:11:09,218 INFO o.a.j.JMeter: Loading system properties from: C:\Users\lazdi\Documents\ITMO\Subjects\Software_testing\apache-jmeter\apache-jmeter-5.6.3\bin\system.properties
2026-06-16 11:11:09,223 INFO o.a.j.JMeter: Copyright (c) 1998-2024 The Apache Software Foundation
2026-06-16 11:11:09,223 INFO o.a.j.JMeter: Version 5.6.3
2026-06-16 11:11:09,223 INFO o.a.j.JMeter: java.version=25.0.2
2026-06-16 11:11:09,223 INFO o.a.j.JMeter: java.vm.name=Java HotSpot(TM) 64-Bit Server VM
2026-06-16 11:11:09,226 INFO o.a.j.JMeter: os.name=Windows 11
2026-06-16 11:11:09,226 INFO o.a.j.JMeter: os.arch=amd64
2026-06-16 11:11:09,226 INFO o.a.j.JMeter: os.version=10.0
2026-06-16 11:11:09,226 INFO o.a.j.JMeter: file.encoding=UTF-8
2026-06-16 11:11:09,226 INFO o.a.j.JMeter: java.awt.headless=true
2026-06-16 11:11:09,227 INFO o.a.j.JMeter: Max memory     =1073741824
2026-06-16 11:11:09,227 INFO o.a.j.JMeter: Available Processors =12
2026-06-16 11:11:09,236 INFO o.a.j.JMeter: Default Locale=English (EN)
2026-06-16 11:11:09,236 INFO o.a.j.JMeter: JMeter  Locale=English (EN)
2026-06-16 11:11:09,236 INFO o.a.j.JMeter: JMeterHome=C:\Users\lazdi\Documents\ITMO\Subjects\Software_testing\apache-jmeter\apache-jmeter-5.6.3
2026-06-16 11:11:09,236 INFO o.a.j.JMeter: user.dir  =C:\Users\lazdi\Documents\ITMO\Subjects\Software_testing\lab4
2026-06-16 11:11:09,237 INFO o.a.j.JMeter: PWD       =C:\Users\lazdi\Documents\ITMO\Subjects\Software_testing\lab4
2026-06-16 11:11:09,238 INFO o.a.j.JMeter: IP: 172.28.26.70 Name: dim_on2 FullName: dim_on2
2026-06-16 11:11:09,246 INFO o.a.j.s.FileServer: Default base='C:\Users\lazdi\Documents\ITMO\Subjects\Software_testing\lab4'
2026-06-16 11:11:09,247 INFO o.a.j.s.FileServer: Set new base='C:\Users\lazdi\Documents\ITMO\Subjects\Software_testing\lab4\stress'
2026-06-16 11:11:09,439 INFO o.a.j.s.SaveService: Testplan (JMX) version: 2.2. Testlog (JTL) version: 2.2
2026-06-16 11:11:09,452 INFO o.a.j.s.SaveService: Using SaveService properties version 5.0
2026-06-16 11:11:09,455 INFO o.a.j.s.SaveService: Using SaveService properties file encoding UTF-8
2026-06-16 11:11:09,457 INFO o.a.j.s.SaveService: Loading file: stress\stress-test-plan.jmx
2026-06-16 11:11:09,493 INFO o.a.j.p.h.s.HTTPSamplerBase: Parser for text/html is org.apache.jmeter.protocol.http.parser.LagartoBasedHtmlParser
2026-06-16 11:11:09,493 INFO o.a.j.p.h.s.HTTPSamplerBase: Parser for application/xhtml+xml is org.apache.jmeter.protocol.http.parser.LagartoBasedHtmlParser
2026-06-16 11:11:09,493 INFO o.a.j.p.h.s.HTTPSamplerBase: Parser for application/xml is org.apache.jmeter.protocol.http.parser.LagartoBasedHtmlParser
2026-06-16 11:11:09,493 INFO o.a.j.p.h.s.HTTPSamplerBase: Parser for text/xml is org.apache.jmeter.protocol.http.parser.LagartoBasedHtmlParser
2026-06-16 11:11:09,493 INFO o.a.j.p.h.s.HTTPSamplerBase: Parser for text/vnd.wap.wml is org.apache.jmeter.protocol.http.parser.RegexpHTMLParser
2026-06-16 11:11:09,493 INFO o.a.j.p.h.s.HTTPSamplerBase: Parser for text/css is org.apache.jmeter.protocol.http.parser.CssParser
2026-06-16 11:11:09,530 INFO o.a.j.JMeter: Creating summariser <summary>
2026-06-16 11:11:09,541 INFO o.a.j.e.StandardJMeterEngine: Running the test!
2026-06-16 11:11:09,541 INFO o.a.j.s.SampleEvent: List of sample_variables: []
2026-06-16 11:11:09,541 INFO o.a.j.s.SampleEvent: List of sample_variables: []
2026-06-16 11:11:09,545 INFO o.a.j.e.u.CompoundVariable: Note: Function class names must contain the string: '.functions.'
2026-06-16 11:11:09,545 INFO o.a.j.e.u.CompoundVariable: Note: Function class names must not contain the string: '.gui.'
2026-06-16 11:11:09,604 INFO o.a.j.JMeter: Running test (1781597469604)
2026-06-16 11:11:09,626 INFO o.a.j.e.StandardJMeterEngine: Starting ThreadGroup: 1 : stress (измените config после нагрузочного теста)
2026-06-16 11:11:09,626 INFO o.a.j.e.StandardJMeterEngine: Starting 48 threads for group stress (измените config после нагрузочного теста).
2026-06-16 11:11:09,626 INFO o.a.j.e.StandardJMeterEngine: Thread will continue on error
2026-06-16 11:11:09,626 INFO o.a.j.t.ThreadGroup: Starting thread group... number=1 threads=48 ramp-up=240 delayedStart=false
2026-06-16 11:11:09,633 INFO o.a.j.t.JMeterThread: Thread started: stress (измените config после нагрузочного теста) 1-1
2026-06-16 11:11:09,651 INFO o.a.j.t.ThreadGroup: Started thread group number 1
2026-06-16 11:11:09,651 INFO o.a.j.e.StandardJMeterEngine: All thread groups have been started
2026-06-16 11:11:09,674 INFO o.a.j.p.h.s.HTTPHCAbstractImpl: Local host = dim_on2
2026-06-16 11:11:09,680 INFO o.a.j.p.h.s.HTTPHC4Impl: HTTP request retry count = 0
2026-06-16 11:11:09,682 INFO o.a.j.s.SampleResult: Note: Sample TimeStamps are START times
2026-06-16 11:11:09,682 INFO o.a.j.s.SampleResult: sampleresult.default.encoding is set to UTF-8
2026-06-16 11:11:09,682 INFO o.a.j.s.SampleResult: sampleresult.useNanoTime=true
2026-06-16 11:11:09,682 INFO o.a.j.s.SampleResult: sampleresult.nanoThreadSleep=5000
2026-06-16 11:11:12,698 INFO o.a.j.u.JsseSSLManager: Using default SSL protocol: TLS
2026-06-16 11:11:12,699 INFO o.a.j.u.JsseSSLManager: SSL session context: per-thread
2026-06-16 11:11:14,630 INFO o.a.j.t.JMeterThread: Thread started: stress (измените config после нагрузочного теста) 1-2
2026-06-16 11:11:19,631 INFO o.a.j.t.JMeterThread: Thread started: stress (измените config после нагрузочного теста) 1-3
2026-06-16 11:11:24,630 INFO o.a.j.t.JMeterThread: Thread started: stress (измените config после нагрузочного теста) 1-4
2026-06-16 11:11:29,628 INFO o.a.j.t.JMeterThread: Thread started: stress (измените config после нагрузочного теста) 1-5
2026-06-16 11:11:30,216 INFO o.a.j.r.Summariser: summary +     19 in 00:00:21 =    0.9/s Avg:   606 Min:   529 Max:   643 Err:     2 (10.53%) Active: 5 Started: 5 Finished: 0
2026-06-16 11:11:34,628 INFO o.a.j.t.JMeterThread: Thread started: stress (измените config после нагрузочного теста) 1-6
2026-06-16 11:11:39,628 INFO o.a.j.t.JMeterThread: Thread started: stress (измените config после нагрузочного теста) 1-7
2026-06-16 11:11:44,629 INFO o.a.j.t.JMeterThread: Thread started: stress (измените config после нагрузочного теста) 1-8
2026-06-16 11:11:49,629 INFO o.a.j.t.JMeterThread: Thread started: stress (измените config после нагрузочного теста) 1-9
2026-06-16 11:11:54,629 INFO o.a.j.t.JMeterThread: Thread started: stress (измените config после нагрузочного теста) 1-10
2026-06-16 11:11:59,627 INFO o.a.j.t.JMeterThread: Thread started: stress (измените config после нагрузочного теста) 1-11
2026-06-16 11:12:00,241 INFO o.a.j.r.Summariser: summary +     77 in 00:00:30 =    2.6/s Avg:   602 Min:   554 Max:   651 Err:     7 (9.09%) Active: 11 Started: 11 Finished: 0
2026-06-16 11:12:00,244 INFO o.a.j.r.Summariser: summary =     96 in 00:00:51 =    1.9/s Avg:   603 Min:   529 Max:   651 Err:     9 (9.38%)
2026-06-16 11:12:04,630 INFO o.a.j.t.JMeterThread: Thread started: stress (измените config после нагрузочного теста) 1-12
2026-06-16 11:12:09,628 INFO o.a.j.t.JMeterThread: Thread started: stress (измените config после нагрузочного теста) 1-13
2026-06-16 11:12:14,628 INFO o.a.j.t.JMeterThread: Thread started: stress (измените config после нагрузочного теста) 1-14
2026-06-16 11:12:19,627 INFO o.a.j.t.JMeterThread: Thread started: stress (измените config после нагрузочного теста) 1-15
2026-06-16 11:12:24,628 INFO o.a.j.t.JMeterThread: Thread started: stress (измените config после нагрузочного теста) 1-16
2026-06-16 11:12:29,627 INFO o.a.j.t.JMeterThread: Thread started: stress (измените config после нагрузочного теста) 1-17
2026-06-16 11:12:30,308 INFO o.a.j.r.Summariser: summary +    137 in 00:00:30 =    4.6/s Avg:   628 Min:   585 Max:   682 Err:    43 (31.39%) Active: 17 Started: 17 Finished: 0
2026-06-16 11:12:30,311 INFO o.a.j.r.Summariser: summary =    233 in 00:01:21 =    2.9/s Avg:   618 Min:   529 Max:   682 Err:    52 (22.32%)
2026-06-16 11:12:34,627 INFO o.a.j.t.JMeterThread: Thread started: stress (измените config после нагрузочного теста) 1-18
2026-06-16 11:12:39,628 INFO o.a.j.t.JMeterThread: Thread started: stress (измените config после нагрузочного теста) 1-19
2026-06-16 11:12:44,627 INFO o.a.j.t.JMeterThread: Thread started: stress (измените config после нагрузочного теста) 1-20
2026-06-16 11:12:49,627 INFO o.a.j.t.JMeterThread: Thread started: stress (измените config после нагрузочного теста) 1-21
2026-06-16 11:12:54,627 INFO o.a.j.t.JMeterThread: Thread started: stress (измените config после нагрузочного теста) 1-22
2026-06-16 11:12:59,628 INFO o.a.j.t.JMeterThread: Thread started: stress (измените config после нагрузочного теста) 1-23
2026-06-16 11:13:00,297 INFO o.a.j.r.Summariser: summary +    197 in 00:00:30 =    6.6/s Avg:   678 Min:   621 Max:   794 Err:   172 (87.31%) Active: 23 Started: 23 Finished: 0
2026-06-16 11:13:00,300 INFO o.a.j.r.Summariser: summary =    430 in 00:01:51 =    3.9/s Avg:   645 Min:   529 Max:   794 Err:   224 (52.09%)
2026-06-16 11:13:04,627 INFO o.a.j.t.JMeterThread: Thread started: stress (измените config после нагрузочного теста) 1-24
2026-06-16 11:13:09,627 INFO o.a.j.t.JMeterThread: Thread started: stress (измените config после нагрузочного теста) 1-25
2026-06-16 11:13:14,627 INFO o.a.j.t.JMeterThread: Thread started: stress (измените config после нагрузочного теста) 1-26
2026-06-16 11:13:19,627 INFO o.a.j.t.JMeterThread: Thread started: stress (измените config после нагрузочного теста) 1-27
2026-06-16 11:13:24,628 INFO o.a.j.t.JMeterThread: Thread started: stress (измените config после нагрузочного теста) 1-28
2026-06-16 11:13:29,630 INFO o.a.j.t.JMeterThread: Thread started: stress (измените config после нагрузочного теста) 1-29
2026-06-16 11:13:30,339 INFO o.a.j.r.Summariser: summary +    257 in 00:00:30 =    8.6/s Avg:   767 Min:   661 Max:  1335 Err:   257 (100.00%) Active: 29 Started: 29 Finished: 0
2026-06-16 11:13:30,341 INFO o.a.j.r.Summariser: summary =    687 in 00:02:21 =    4.9/s Avg:   691 Min:   529 Max:  1335 Err:   481 (70.01%)
2026-06-16 11:13:34,629 INFO o.a.j.t.JMeterThread: Thread started: stress (измените config после нагрузочного теста) 1-30
2026-06-16 11:13:39,627 INFO o.a.j.t.JMeterThread: Thread started: stress (измените config после нагрузочного теста) 1-31
2026-06-16 11:13:44,628 INFO o.a.j.t.JMeterThread: Thread started: stress (измените config после нагрузочного теста) 1-32
2026-06-16 11:13:49,628 INFO o.a.j.t.JMeterThread: Thread started: stress (измените config после нагрузочного теста) 1-33
2026-06-16 11:13:54,628 INFO o.a.j.t.JMeterThread: Thread started: stress (измените config после нагрузочного теста) 1-34
2026-06-16 11:13:59,626 INFO o.a.j.t.JMeterThread: Thread started: stress (измените config после нагрузочного теста) 1-35
2026-06-16 11:14:00,409 INFO o.a.j.r.Summariser: summary +    317 in 00:00:30 =   10.5/s Avg:   843 Min:   700 Max:  1241 Err:   317 (100.00%) Active: 35 Started: 35 Finished: 0
2026-06-16 11:14:00,410 INFO o.a.j.r.Summariser: summary =   1004 in 00:02:51 =    5.9/s Avg:   739 Min:   529 Max:  1335 Err:   798 (79.48%)
2026-06-16 11:14:04,626 INFO o.a.j.t.JMeterThread: Thread started: stress (измените config после нагрузочного теста) 1-36
2026-06-16 11:14:09,626 INFO o.a.j.t.JMeterThread: Thread started: stress (измените config после нагрузочного теста) 1-37
2026-06-16 11:14:14,627 INFO o.a.j.t.JMeterThread: Thread started: stress (измените config после нагрузочного теста) 1-38
2026-06-16 11:14:19,628 INFO o.a.j.t.JMeterThread: Thread started: stress (измените config после нагрузочного теста) 1-39
2026-06-16 11:14:24,628 INFO o.a.j.t.JMeterThread: Thread started: stress (измените config после нагрузочного теста) 1-40
2026-06-16 11:14:29,628 INFO o.a.j.t.JMeterThread: Thread started: stress (измените config после нагрузочного теста) 1-41
2026-06-16 11:14:30,110 INFO o.a.j.r.Summariser: summary +    376 in 00:00:30 =   12.7/s Avg:  1019 Min:   756 Max:  2282 Err:   376 (100.00%) Active: 41 Started: 41 Finished: 0
2026-06-16 11:14:30,112 INFO o.a.j.r.Summariser: summary =   1380 in 00:03:21 =    6.9/s Avg:   815 Min:   529 Max:  2282 Err:  1174 (85.07%)
2026-06-16 11:14:34,628 INFO o.a.j.t.JMeterThread: Thread started: stress (измените config после нагрузочного теста) 1-42
2026-06-16 11:14:39,627 INFO o.a.j.t.JMeterThread: Thread started: stress (измените config после нагрузочного теста) 1-43
2026-06-16 11:14:44,626 INFO o.a.j.t.JMeterThread: Thread started: stress (измените config после нагрузочного теста) 1-44
2026-06-16 11:14:49,628 INFO o.a.j.t.JMeterThread: Thread started: stress (измените config после нагрузочного теста) 1-45
2026-06-16 11:14:54,627 INFO o.a.j.t.JMeterThread: Thread started: stress (измените config после нагрузочного теста) 1-46
2026-06-16 11:14:59,628 INFO o.a.j.t.JMeterThread: Thread started: stress (измените config после нагрузочного теста) 1-47
2026-06-16 11:15:00,674 INFO o.a.j.r.Summariser: summary +    425 in 00:00:31 =   13.9/s Avg:  1304 Min:   829 Max:  2209 Err:   425 (100.00%) Active: 47 Started: 47 Finished: 0
2026-06-16 11:15:00,675 INFO o.a.j.r.Summariser: summary =   1805 in 00:03:51 =    7.8/s Avg:   930 Min:   529 Max:  2282 Err:  1599 (88.59%)
2026-06-16 11:15:04,627 INFO o.a.j.t.JMeterThread: Thread started: stress (измените config после нагрузочного теста) 1-48
2026-06-16 11:15:30,036 INFO o.a.j.r.Summariser: summary +    476 in 00:00:29 =   16.2/s Avg:  1511 Min:   887 Max:  2406 Err:   476 (100.00%) Active: 48 Started: 48 Finished: 0
2026-06-16 11:15:30,037 INFO o.a.j.r.Summariser: summary =   2281 in 00:04:20 =    8.8/s Avg:  1051 Min:   529 Max:  2406 Err:  2075 (90.97%)
2026-06-16 11:16:00,079 INFO o.a.j.r.Summariser: summary +    489 in 00:00:30 =   16.3/s Avg:  1419 Min:   872 Max:  2233 Err:   489 (100.00%) Active: 48 Started: 48 Finished: 0
2026-06-16 11:16:00,081 INFO o.a.j.r.Summariser: summary =   2770 in 00:04:50 =    9.5/s Avg:  1116 Min:   529 Max:  2406 Err:  2564 (92.56%)
2026-06-16 11:16:08,481 INFO o.a.j.t.JMeterThread: Thread finished: stress (измените config после нагрузочного теста) 1-1
2026-06-16 11:16:08,485 INFO o.a.j.t.JMeterThread: Thread finished: stress (измените config после нагрузочного теста) 1-4
2026-06-16 11:16:08,824 INFO o.a.j.t.JMeterThread: Thread finished: stress (измените config после нагрузочного теста) 1-36
2026-06-16 11:16:08,836 INFO o.a.j.t.JMeterThread: Thread finished: stress (измените config после нагрузочного теста) 1-24
2026-06-16 11:16:08,876 INFO o.a.j.t.JMeterThread: Thread finished: stress (измените config после нагрузочного теста) 1-27
2026-06-16 11:16:08,876 INFO o.a.j.t.JMeterThread: Thread finished: stress (измените config после нагрузочного теста) 1-42
2026-06-16 11:16:08,877 INFO o.a.j.t.JMeterThread: Thread finished: stress (измените config после нагрузочного теста) 1-6
2026-06-16 11:16:09,405 INFO o.a.j.t.JMeterThread: Thread finished: stress (измените config после нагрузочного теста) 1-30
2026-06-16 11:16:09,405 INFO o.a.j.t.JMeterThread: Thread finished: stress (измените config после нагрузочного теста) 1-48
2026-06-16 11:16:09,404 INFO o.a.j.t.JMeterThread: Thread finished: stress (измените config после нагрузочного теста) 1-15
2026-06-16 11:16:09,406 INFO o.a.j.t.JMeterThread: Thread finished: stress (измените config после нагрузочного теста) 1-21
2026-06-16 11:16:09,408 INFO o.a.j.t.JMeterThread: Thread finished: stress (измените config после нагрузочного теста) 1-45
2026-06-16 11:16:09,408 INFO o.a.j.t.JMeterThread: Thread finished: stress (измените config после нагрузочного теста) 1-12
2026-06-16 11:16:09,408 INFO o.a.j.t.JMeterThread: Thread finished: stress (измените config после нагрузочного теста) 1-9
2026-06-16 11:16:09,408 INFO o.a.j.t.JMeterThread: Thread finished: stress (измените config после нагрузочного теста) 1-18
2026-06-16 11:16:09,408 INFO o.a.j.t.JMeterThread: Thread finished: stress (измените config после нагрузочного теста) 1-39
2026-06-16 11:16:09,409 INFO o.a.j.t.JMeterThread: Thread finished: stress (измените config после нагрузочного теста) 1-33
2026-06-16 11:16:09,409 INFO o.a.j.t.JMeterThread: Thread finished: stress (измените config после нагрузочного теста) 1-3
2026-06-16 11:16:09,590 INFO o.a.j.t.JMeterThread: Thread finished: stress (измените config после нагрузочного теста) 1-44
2026-06-16 11:16:09,597 INFO o.a.j.t.JMeterThread: Thread finished: stress (измените config после нагрузочного теста) 1-14
2026-06-16 11:16:09,598 INFO o.a.j.t.JMeterThread: Thread finished: stress (измените config после нагрузочного теста) 1-20
2026-06-16 11:16:09,600 INFO o.a.j.t.JMeterThread: Thread finished: stress (измените config после нагрузочного теста) 1-35
2026-06-16 11:16:09,614 INFO o.a.j.t.JMeterThread: Thread finished: stress (измените config после нагрузочного теста) 1-23
2026-06-16 11:16:09,806 INFO o.a.j.t.JMeterThread: Stopping because end time detected by thread: stress (измените config после нагрузочного теста) 1-29
2026-06-16 11:16:09,806 INFO o.a.j.t.JMeterThread: Thread finished: stress (измените config после нагрузочного теста) 1-29
2026-06-16 11:16:09,807 INFO o.a.j.t.JMeterThread: Stopping because end time detected by thread: stress (измените config после нагрузочного теста) 1-8
2026-06-16 11:16:09,808 INFO o.a.j.t.JMeterThread: Thread finished: stress (измените config после нагрузочного теста) 1-8
2026-06-16 11:16:10,073 INFO o.a.j.t.JMeterThread: Stopping because end time detected by thread: stress (измените config после нагрузочного теста) 1-38
2026-06-16 11:16:10,073 INFO o.a.j.t.JMeterThread: Stopping because end time detected by thread: stress (измените config после нагрузочного теста) 1-5
2026-06-16 11:16:10,074 INFO o.a.j.t.JMeterThread: Stopping because end time detected by thread: stress (измените config после нагрузочного теста) 1-26
2026-06-16 11:16:10,074 INFO o.a.j.t.JMeterThread: Thread finished: stress (измените config после нагрузочного теста) 1-38
2026-06-16 11:16:10,074 INFO o.a.j.t.JMeterThread: Stopping because end time detected by thread: stress (измените config после нагрузочного теста) 1-32
2026-06-16 11:16:10,074 INFO o.a.j.t.JMeterThread: Thread finished: stress (измените config после нагрузочного теста) 1-5
2026-06-16 11:16:10,075 INFO o.a.j.t.JMeterThread: Thread finished: stress (измените config после нагрузочного теста) 1-26
2026-06-16 11:16:10,075 INFO o.a.j.t.JMeterThread: Thread finished: stress (измените config после нагрузочного теста) 1-32
2026-06-16 11:16:10,075 INFO o.a.j.t.JMeterThread: Stopping because end time detected by thread: stress (измените config после нагрузочного теста) 1-11
2026-06-16 11:16:10,076 INFO o.a.j.t.JMeterThread: Thread finished: stress (измените config после нагрузочного теста) 1-11
2026-06-16 11:16:10,077 INFO o.a.j.t.JMeterThread: Stopping because end time detected by thread: stress (измените config после нагрузочного теста) 1-41
2026-06-16 11:16:10,077 INFO o.a.j.t.JMeterThread: Thread finished: stress (измените config после нагрузочного теста) 1-41
2026-06-16 11:16:10,519 INFO o.a.j.t.JMeterThread: Stopping because end time detected by thread: stress (измените config после нагрузочного теста) 1-17
2026-06-16 11:16:10,519 INFO o.a.j.t.JMeterThread: Stopping because end time detected by thread: stress (измените config после нагрузочного теста) 1-47
2026-06-16 11:16:10,520 INFO o.a.j.t.JMeterThread: Thread finished: stress (измените config после нагрузочного теста) 1-17
2026-06-16 11:16:10,520 INFO o.a.j.t.JMeterThread: Thread finished: stress (измените config после нагрузочного теста) 1-47
2026-06-16 11:16:10,520 INFO o.a.j.t.JMeterThread: Stopping because end time detected by thread: stress (измените config после нагрузочного теста) 1-2
2026-06-16 11:16:10,521 INFO o.a.j.t.JMeterThread: Thread finished: stress (измените config после нагрузочного теста) 1-2
2026-06-16 11:16:10,765 INFO o.a.j.t.JMeterThread: Stopping because end time detected by thread: stress (измените config после нагрузочного теста) 1-31
2026-06-16 11:16:10,766 INFO o.a.j.t.JMeterThread: Thread finished: stress (измените config после нагрузочного теста) 1-31
2026-06-16 11:16:10,766 INFO o.a.j.t.JMeterThread: Stopping because end time detected by thread: stress (измените config после нагрузочного теста) 1-40
2026-06-16 11:16:10,766 INFO o.a.j.t.JMeterThread: Thread finished: stress (измените config после нагрузочного теста) 1-40
2026-06-16 11:16:10,795 INFO o.a.j.t.JMeterThread: Stopping because end time detected by thread: stress (измените config после нагрузочного теста) 1-16
2026-06-16 11:16:10,795 INFO o.a.j.t.JMeterThread: Thread finished: stress (измените config после нагрузочного теста) 1-16
2026-06-16 11:16:10,986 INFO o.a.j.t.JMeterThread: Stopping because end time detected by thread: stress (измените config после нагрузочного теста) 1-7
2026-06-16 11:16:10,987 INFO o.a.j.t.JMeterThread: Thread finished: stress (измените config после нагрузочного теста) 1-7
2026-06-16 11:16:11,108 INFO o.a.j.t.JMeterThread: Stopping because end time detected by thread: stress (измените config после нагрузочного теста) 1-46
2026-06-16 11:16:11,110 INFO o.a.j.t.JMeterThread: Thread finished: stress (измените config после нагрузочного теста) 1-46
2026-06-16 11:16:11,110 INFO o.a.j.t.JMeterThread: Stopping because end time detected by thread: stress (измените config после нагрузочного теста) 1-43
2026-06-16 11:16:11,111 INFO o.a.j.t.JMeterThread: Stopping because end time detected by thread: stress (измените config после нагрузочного теста) 1-25
2026-06-16 11:16:11,111 INFO o.a.j.t.JMeterThread: Thread finished: stress (измените config после нагрузочного теста) 1-43
2026-06-16 11:16:11,111 INFO o.a.j.t.JMeterThread: Thread finished: stress (измените config после нагрузочного теста) 1-25
2026-06-16 11:16:11,138 INFO o.a.j.t.JMeterThread: Stopping because end time detected by thread: stress (измените config после нагрузочного теста) 1-37
2026-06-16 11:16:11,140 INFO o.a.j.t.JMeterThread: Thread finished: stress (измените config после нагрузочного теста) 1-37
2026-06-16 11:16:11,140 INFO o.a.j.t.JMeterThread: Stopping because end time detected by thread: stress (измените config после нагрузочного теста) 1-13
2026-06-16 11:16:11,141 INFO o.a.j.t.JMeterThread: Stopping because end time detected by thread: stress (измените config после нагрузочного теста) 1-22
2026-06-16 11:16:11,141 INFO o.a.j.t.JMeterThread: Thread finished: stress (измените config после нагрузочного теста) 1-13
2026-06-16 11:16:11,141 INFO o.a.j.t.JMeterThread: Thread finished: stress (измените config после нагрузочного теста) 1-22
2026-06-16 11:16:11,141 INFO o.a.j.t.JMeterThread: Stopping because end time detected by thread: stress (измените config после нагрузочного теста) 1-19
2026-06-16 11:16:11,142 INFO o.a.j.t.JMeterThread: Thread finished: stress (измените config после нагрузочного теста) 1-19
2026-06-16 11:16:11,170 INFO o.a.j.t.JMeterThread: Stopping because end time detected by thread: stress (измените config после нагрузочного теста) 1-34
2026-06-16 11:16:11,171 INFO o.a.j.t.JMeterThread: Thread finished: stress (измените config после нагрузочного теста) 1-34
2026-06-16 11:16:11,171 INFO o.a.j.t.JMeterThread: Stopping because end time detected by thread: stress (измените config после нагрузочного теста) 1-10
2026-06-16 11:16:11,172 INFO o.a.j.t.JMeterThread: Stopping because end time detected by thread: stress (измените config после нагрузочного теста) 1-28
2026-06-16 11:16:11,172 INFO o.a.j.t.JMeterThread: Thread finished: stress (измените config после нагрузочного теста) 1-10
2026-06-16 11:16:11,172 INFO o.a.j.t.JMeterThread: Thread finished: stress (измените config после нагрузочного теста) 1-28
2026-06-16 11:16:11,174 INFO o.a.j.e.StandardJMeterEngine: Notifying test listeners of end of test
2026-06-16 11:16:11,177 INFO o.a.j.r.Summariser: summary +    180 in 00:00:11 =   16.2/s Avg:  1470 Min:   902 Max:  1968 Err:   180 (100.00%) Active: 0 Started: 48 Finished: 48
2026-06-16 11:16:11,179 INFO o.a.j.r.Summariser: summary =   2950 in 00:05:02 =    9.8/s Avg:  1138 Min:   529 Max:  2406 Err:  2744 (93.02%)
