2026-06-16 10:58:51,861 INFO o.a.j.u.JMeterUtils: Setting Locale to en_EN
2026-06-16 10:58:51,872 INFO o.a.j.JMeter: Loading user properties from: C:\Users\lazdi\Documents\ITMO\Subjects\Software_testing\apache-jmeter\apache-jmeter-5.6.3\bin\user.properties
2026-06-16 10:58:51,872 INFO o.a.j.JMeter: Loading system properties from: C:\Users\lazdi\Documents\ITMO\Subjects\Software_testing\apache-jmeter\apache-jmeter-5.6.3\bin\system.properties
2026-06-16 10:58:51,877 INFO o.a.j.JMeter: Copyright (c) 1998-2024 The Apache Software Foundation
2026-06-16 10:58:51,877 INFO o.a.j.JMeter: Version 5.6.3
2026-06-16 10:58:51,877 INFO o.a.j.JMeter: java.version=25.0.2
2026-06-16 10:58:51,877 INFO o.a.j.JMeter: java.vm.name=Java HotSpot(TM) 64-Bit Server VM
2026-06-16 10:58:51,877 INFO o.a.j.JMeter: os.name=Windows 11
2026-06-16 10:58:51,877 INFO o.a.j.JMeter: os.arch=amd64
2026-06-16 10:58:51,877 INFO o.a.j.JMeter: os.version=10.0
2026-06-16 10:58:51,877 INFO o.a.j.JMeter: file.encoding=UTF-8
2026-06-16 10:58:51,877 INFO o.a.j.JMeter: java.awt.headless=true
2026-06-16 10:58:51,877 INFO o.a.j.JMeter: Max memory     =1073741824
2026-06-16 10:58:51,877 INFO o.a.j.JMeter: Available Processors =12
2026-06-16 10:58:51,887 INFO o.a.j.JMeter: Default Locale=English (EN)
2026-06-16 10:58:51,887 INFO o.a.j.JMeter: JMeter  Locale=English (EN)
2026-06-16 10:58:51,887 INFO o.a.j.JMeter: JMeterHome=C:\Users\lazdi\Documents\ITMO\Subjects\Software_testing\apache-jmeter\apache-jmeter-5.6.3
2026-06-16 10:58:51,887 INFO o.a.j.JMeter: user.dir  =C:\Users\lazdi\Documents\ITMO\Subjects\Software_testing\lab4
2026-06-16 10:58:51,887 INFO o.a.j.JMeter: PWD       =C:\Users\lazdi\Documents\ITMO\Subjects\Software_testing\lab4
2026-06-16 10:58:51,889 INFO o.a.j.JMeter: IP: 172.28.26.70 Name: dim_on2 FullName: dim_on2
2026-06-16 10:58:51,898 INFO o.a.j.s.FileServer: Default base='C:\Users\lazdi\Documents\ITMO\Subjects\Software_testing\lab4'
2026-06-16 10:58:51,899 INFO o.a.j.s.FileServer: Set new base='C:\Users\lazdi\Documents\ITMO\Subjects\Software_testing\lab4\load'
2026-06-16 10:58:52,093 INFO o.a.j.s.SaveService: Testplan (JMX) version: 2.2. Testlog (JTL) version: 2.2
2026-06-16 10:58:52,108 INFO o.a.j.s.SaveService: Using SaveService properties version 5.0
2026-06-16 10:58:52,110 INFO o.a.j.s.SaveService: Using SaveService properties file encoding UTF-8
2026-06-16 10:58:52,115 INFO o.a.j.s.SaveService: Loading file: load\load-test-plan.jmx
2026-06-16 10:58:52,152 INFO o.a.j.p.h.s.HTTPSamplerBase: Parser for text/html is org.apache.jmeter.protocol.http.parser.LagartoBasedHtmlParser
2026-06-16 10:58:52,152 INFO o.a.j.p.h.s.HTTPSamplerBase: Parser for application/xhtml+xml is org.apache.jmeter.protocol.http.parser.LagartoBasedHtmlParser
2026-06-16 10:58:52,152 INFO o.a.j.p.h.s.HTTPSamplerBase: Parser for application/xml is org.apache.jmeter.protocol.http.parser.LagartoBasedHtmlParser
2026-06-16 10:58:52,152 INFO o.a.j.p.h.s.HTTPSamplerBase: Parser for text/xml is org.apache.jmeter.protocol.http.parser.LagartoBasedHtmlParser
2026-06-16 10:58:52,152 INFO o.a.j.p.h.s.HTTPSamplerBase: Parser for text/vnd.wap.wml is org.apache.jmeter.protocol.http.parser.RegexpHTMLParser
2026-06-16 10:58:52,152 INFO o.a.j.p.h.s.HTTPSamplerBase: Parser for text/css is org.apache.jmeter.protocol.http.parser.CssParser
2026-06-16 10:58:52,196 INFO o.a.j.JMeter: Creating summariser <summary>
2026-06-16 10:58:52,208 INFO o.a.j.e.StandardJMeterEngine: Running the test!
2026-06-16 10:58:52,209 INFO o.a.j.s.SampleEvent: List of sample_variables: []
2026-06-16 10:58:52,209 INFO o.a.j.s.SampleEvent: List of sample_variables: []
2026-06-16 10:58:52,214 INFO o.a.j.e.u.CompoundVariable: Note: Function class names must contain the string: '.functions.'
2026-06-16 10:58:52,214 INFO o.a.j.e.u.CompoundVariable: Note: Function class names must not contain the string: '.gui.'
2026-06-16 10:58:52,277 INFO o.a.j.JMeter: Running test (1781596732277)
2026-06-16 10:58:52,289 INFO o.a.j.e.StandardJMeterEngine: Starting ThreadGroup: 1 : conf #1
2026-06-16 10:58:52,290 INFO o.a.j.e.StandardJMeterEngine: Starting 12 threads for group conf #1.
2026-06-16 10:58:52,290 INFO o.a.j.e.StandardJMeterEngine: Thread will continue on error
2026-06-16 10:58:52,290 INFO o.a.j.t.ThreadGroup: Starting thread group... number=1 threads=12 ramp-up=60 delayedStart=false
2026-06-16 10:58:52,295 INFO o.a.j.t.JMeterThread: Thread started: conf #1 1-1
2026-06-16 10:58:52,296 INFO o.a.j.t.ThreadGroup: Started thread group number 1
2026-06-16 10:58:52,297 INFO o.a.j.e.StandardJMeterEngine: Waiting for thread group: conf #1 to finish before starting next group
2026-06-16 10:58:52,330 INFO o.a.j.p.h.s.HTTPHCAbstractImpl: Local host = dim_on2
2026-06-16 10:58:52,336 INFO o.a.j.p.h.s.HTTPHC4Impl: HTTP request retry count = 0
2026-06-16 10:58:52,336 INFO o.a.j.s.SampleResult: Note: Sample TimeStamps are START times
2026-06-16 10:58:52,337 INFO o.a.j.s.SampleResult: sampleresult.default.encoding is set to UTF-8
2026-06-16 10:58:52,337 INFO o.a.j.s.SampleResult: sampleresult.useNanoTime=true
2026-06-16 10:58:52,337 INFO o.a.j.s.SampleResult: sampleresult.nanoThreadSleep=5000
2026-06-16 10:58:57,292 INFO o.a.j.t.JMeterThread: Thread started: conf #1 1-2
2026-06-16 10:59:01,651 INFO o.a.j.r.Summariser: summary +      5 in 00:00:09 =    0.5/s Avg:  1350 Min:  1322 Max:  1383 Err:     0 (0.00%) Active: 2 Started: 2 Finished: 0
2026-06-16 10:59:02,293 INFO o.a.j.t.JMeterThread: Thread started: conf #1 1-3
2026-06-16 10:59:07,292 INFO o.a.j.t.JMeterThread: Thread started: conf #1 1-4
2026-06-16 10:59:12,291 INFO o.a.j.t.JMeterThread: Thread started: conf #1 1-5
2026-06-16 10:59:17,292 INFO o.a.j.t.JMeterThread: Thread started: conf #1 1-6
2026-06-16 10:59:22,304 INFO o.a.j.t.JMeterThread: Thread started: conf #1 1-7
2026-06-16 10:59:27,303 INFO o.a.j.t.JMeterThread: Thread started: conf #1 1-8
2026-06-16 10:59:30,639 INFO o.a.j.r.Summariser: summary +     51 in 00:00:29 =    1.8/s Avg:  1383 Min:  1327 Max:  1589 Err:     0 (0.00%) Active: 8 Started: 8 Finished: 0
2026-06-16 10:59:30,640 INFO o.a.j.r.Summariser: summary =     56 in 00:00:38 =    1.5/s Avg:  1380 Min:  1322 Max:  1589 Err:     0 (0.00%)
2026-06-16 10:59:32,308 INFO o.a.j.t.JMeterThread: Thread started: conf #1 1-9
2026-06-16 10:59:37,293 INFO o.a.j.t.JMeterThread: Thread started: conf #1 1-10
2026-06-16 10:59:42,301 INFO o.a.j.t.JMeterThread: Thread started: conf #1 1-11
2026-06-16 10:59:47,302 INFO o.a.j.t.JMeterThread: Thread started: conf #1 1-12
2026-06-16 11:00:00,663 INFO o.a.j.r.Summariser: summary +    107 in 00:00:30 =    3.6/s Avg:  1465 Min:  1335 Max:  3161 Err:     0 (0.00%) Active: 12 Started: 12 Finished: 0
2026-06-16 11:00:00,665 INFO o.a.j.r.Summariser: summary =    163 in 00:01:08 =    2.4/s Avg:  1436 Min:  1322 Max:  3161 Err:     0 (0.00%)
2026-06-16 11:00:30,703 INFO o.a.j.r.Summariser: summary +    120 in 00:00:30 =    4.0/s Avg:  1445 Min:  1341 Max:  2493 Err:     0 (0.00%) Active: 12 Started: 12 Finished: 0
2026-06-16 11:00:30,705 INFO o.a.j.r.Summariser: summary =    283 in 00:01:38 =    2.9/s Avg:  1440 Min:  1322 Max:  3161 Err:     0 (0.00%)
2026-06-16 11:00:50,704 INFO o.a.j.t.JMeterThread: Thread is done: conf #1 1-1
2026-06-16 11:00:50,705 INFO o.a.j.t.JMeterThread: Thread finished: conf #1 1-1
2026-06-16 11:00:55,679 INFO o.a.j.t.JMeterThread: Thread is done: conf #1 1-2
2026-06-16 11:00:55,680 INFO o.a.j.t.JMeterThread: Thread finished: conf #1 1-2
2026-06-16 11:01:00,677 INFO o.a.j.r.Summariser: summary +    116 in 00:00:30 =    3.9/s Avg:  1399 Min:  1341 Max:  1635 Err:     0 (0.00%) Active: 10 Started: 12 Finished: 2
2026-06-16 11:01:00,680 INFO o.a.j.r.Summariser: summary =    399 in 00:02:08 =    3.1/s Avg:  1428 Min:  1322 Max:  3161 Err:     0 (0.00%)
2026-06-16 11:01:00,821 INFO o.a.j.t.JMeterThread: Thread is done: conf #1 1-3
2026-06-16 11:01:00,822 INFO o.a.j.t.JMeterThread: Thread finished: conf #1 1-3
2026-06-16 11:01:05,698 INFO o.a.j.t.JMeterThread: Thread is done: conf #1 1-4
2026-06-16 11:01:05,699 INFO o.a.j.t.JMeterThread: Thread finished: conf #1 1-4
2026-06-16 11:01:10,697 INFO o.a.j.t.JMeterThread: Thread is done: conf #1 1-5
2026-06-16 11:01:10,698 INFO o.a.j.t.JMeterThread: Thread finished: conf #1 1-5
2026-06-16 11:01:15,846 INFO o.a.j.t.JMeterThread: Thread is done: conf #1 1-6
2026-06-16 11:01:15,846 INFO o.a.j.t.JMeterThread: Thread finished: conf #1 1-6
2026-06-16 11:01:20,728 INFO o.a.j.t.JMeterThread: Thread is done: conf #1 1-7
2026-06-16 11:01:20,729 INFO o.a.j.t.JMeterThread: Thread finished: conf #1 1-7
2026-06-16 11:01:25,654 INFO o.a.j.t.JMeterThread: Thread is done: conf #1 1-8
2026-06-16 11:01:25,656 INFO o.a.j.t.JMeterThread: Thread finished: conf #1 1-8
2026-06-16 11:01:30,696 INFO o.a.j.r.Summariser: summary +     69 in 00:00:30 =    2.3/s Avg:  1368 Min:  1327 Max:  1593 Err:     0 (0.00%) Active: 4 Started: 12 Finished: 8
2026-06-16 11:01:30,698 INFO o.a.j.r.Summariser: summary =    468 in 00:02:38 =    3.0/s Avg:  1419 Min:  1322 Max:  3161 Err:     0 (0.00%)
2026-06-16 11:01:30,853 INFO o.a.j.t.JMeterThread: Thread is done: conf #1 1-9
2026-06-16 11:01:30,854 INFO o.a.j.t.JMeterThread: Thread finished: conf #1 1-9
2026-06-16 11:01:35,673 INFO o.a.j.t.JMeterThread: Thread is done: conf #1 1-10
2026-06-16 11:01:35,674 INFO o.a.j.t.JMeterThread: Thread finished: conf #1 1-10
2026-06-16 11:01:40,676 INFO o.a.j.t.JMeterThread: Thread is done: conf #1 1-11
2026-06-16 11:01:40,676 INFO o.a.j.t.JMeterThread: Thread finished: conf #1 1-11
2026-06-16 11:01:45,646 INFO o.a.j.t.JMeterThread: Thread is done: conf #1 1-12
2026-06-16 11:01:45,646 INFO o.a.j.t.JMeterThread: Thread finished: conf #1 1-12
2026-06-16 11:01:45,648 INFO o.a.j.e.StandardJMeterEngine: Starting ThreadGroup: 2 : conf #2
2026-06-16 11:01:45,649 INFO o.a.j.e.StandardJMeterEngine: Starting 12 threads for group conf #2.
2026-06-16 11:01:45,649 INFO o.a.j.e.StandardJMeterEngine: Thread will continue on error
2026-06-16 11:01:45,649 INFO o.a.j.t.ThreadGroup: Starting thread group... number=2 threads=12 ramp-up=60 delayedStart=false
2026-06-16 11:01:45,654 INFO o.a.j.t.JMeterThread: Thread started: conf #2 2-1
2026-06-16 11:01:45,667 INFO o.a.j.t.ThreadGroup: Started thread group number 2
2026-06-16 11:01:45,668 INFO o.a.j.e.StandardJMeterEngine: Waiting for thread group: conf #2 to finish before starting next group
2026-06-16 11:01:50,653 INFO o.a.j.t.JMeterThread: Thread started: conf #2 2-2
2026-06-16 11:01:55,661 INFO o.a.j.t.JMeterThread: Thread started: conf #2 2-3
2026-06-16 11:02:00,616 INFO o.a.j.r.Summariser: summary +     23 in 00:00:30 =    0.8/s Avg:  1179 Min:   917 Max:  1399 Err:     0 (0.00%) Active: 3 Started: 15 Finished: 12
2026-06-16 11:02:00,621 INFO o.a.j.r.Summariser: summary =    491 in 00:03:08 =    2.6/s Avg:  1408 Min:   917 Max:  3161 Err:     0 (0.00%)
2026-06-16 11:02:00,668 INFO o.a.j.t.JMeterThread: Thread started: conf #2 2-4
2026-06-16 11:02:05,657 INFO o.a.j.t.JMeterThread: Thread started: conf #2 2-5
2026-06-16 11:02:10,659 INFO o.a.j.t.JMeterThread: Thread started: conf #2 2-6
2026-06-16 11:02:15,670 INFO o.a.j.t.JMeterThread: Thread started: conf #2 2-7
2026-06-16 11:02:20,666 INFO o.a.j.t.JMeterThread: Thread started: conf #2 2-8
2026-06-16 11:02:25,663 INFO o.a.j.t.JMeterThread: Thread started: conf #2 2-9
2026-06-16 11:02:30,665 INFO o.a.j.r.Summariser: summary +     65 in 00:00:30 =    2.2/s Avg:  1018 Min:   929 Max:  2101 Err:     0 (0.00%) Active: 9 Started: 21 Finished: 12
2026-06-16 11:02:30,665 INFO o.a.j.t.JMeterThread: Thread started: conf #2 2-10
2026-06-16 11:02:30,669 INFO o.a.j.r.Summariser: summary =    556 in 00:03:38 =    2.5/s Avg:  1362 Min:   917 Max:  3161 Err:     0 (0.00%)
2026-06-16 11:02:35,666 INFO o.a.j.t.JMeterThread: Thread started: conf #2 2-11
2026-06-16 11:02:40,666 INFO o.a.j.t.JMeterThread: Thread started: conf #2 2-12
2026-06-16 11:03:00,611 INFO o.a.j.r.Summariser: summary +    115 in 00:00:30 =    3.8/s Avg:  1004 Min:   932 Max:  1103 Err:     0 (0.00%) Active: 12 Started: 24 Finished: 12
2026-06-16 11:03:00,616 INFO o.a.j.r.Summariser: summary =    671 in 00:04:08 =    2.7/s Avg:  1301 Min:   917 Max:  3161 Err:     0 (0.00%)
2026-06-16 11:03:30,605 INFO o.a.j.r.Summariser: summary +    120 in 00:00:30 =    4.0/s Avg:   990 Min:   938 Max:  1135 Err:     0 (0.00%) Active: 12 Started: 24 Finished: 12
2026-06-16 11:03:30,609 INFO o.a.j.r.Summariser: summary =    791 in 00:04:38 =    2.8/s Avg:  1254 Min:   917 Max:  3161 Err:     0 (0.00%)
2026-06-16 11:03:43,612 INFO o.a.j.t.JMeterThread: Thread is done: conf #2 2-1
2026-06-16 11:03:43,613 INFO o.a.j.t.JMeterThread: Thread finished: conf #2 2-1
2026-06-16 11:03:48,668 INFO o.a.j.t.JMeterThread: Thread is done: conf #2 2-2
2026-06-16 11:03:48,669 INFO o.a.j.t.JMeterThread: Thread finished: conf #2 2-2
2026-06-16 11:03:53,720 INFO o.a.j.t.JMeterThread: Thread is done: conf #2 2-3
2026-06-16 11:03:53,721 INFO o.a.j.t.JMeterThread: Thread finished: conf #2 2-3
2026-06-16 11:03:58,613 INFO o.a.j.t.JMeterThread: Thread is done: conf #2 2-4
2026-06-16 11:03:58,614 INFO o.a.j.t.JMeterThread: Thread finished: conf #2 2-4
2026-06-16 11:04:00,604 INFO o.a.j.r.Summariser: summary +    110 in 00:00:30 =    3.7/s Avg:   977 Min:   932 Max:  1052 Err:     0 (0.00%) Active: 8 Started: 24 Finished: 16
2026-06-16 11:04:00,607 INFO o.a.j.r.Summariser: summary =    901 in 00:05:08 =    2.9/s Avg:  1220 Min:   917 Max:  3161 Err:     0 (0.00%)
2026-06-16 11:04:03,608 INFO o.a.j.t.JMeterThread: Thread is done: conf #2 2-5
2026-06-16 11:04:03,608 INFO o.a.j.t.JMeterThread: Thread finished: conf #2 2-5
2026-06-16 11:04:08,599 INFO o.a.j.t.JMeterThread: Thread is done: conf #2 2-6
2026-06-16 11:04:08,600 INFO o.a.j.t.JMeterThread: Thread finished: conf #2 2-6
2026-06-16 11:04:13,597 INFO o.a.j.t.JMeterThread: Thread is done: conf #2 2-7
2026-06-16 11:04:13,598 INFO o.a.j.t.JMeterThread: Thread finished: conf #2 2-7
2026-06-16 11:04:18,646 INFO o.a.j.t.JMeterThread: Thread is done: conf #2 2-8
2026-06-16 11:04:18,647 INFO o.a.j.t.JMeterThread: Thread finished: conf #2 2-8
2026-06-16 11:04:23,654 INFO o.a.j.t.JMeterThread: Thread is done: conf #2 2-9
2026-06-16 11:04:23,656 INFO o.a.j.t.JMeterThread: Thread finished: conf #2 2-9
2026-06-16 11:04:28,634 INFO o.a.j.t.JMeterThread: Thread is done: conf #2 2-10
2026-06-16 11:04:28,635 INFO o.a.j.t.JMeterThread: Thread finished: conf #2 2-10
2026-06-16 11:04:30,607 INFO o.a.j.r.Summariser: summary +     55 in 00:00:30 =    1.8/s Avg:   967 Min:   923 Max:  1082 Err:     0 (0.00%) Active: 2 Started: 24 Finished: 22
2026-06-16 11:04:30,608 INFO o.a.j.r.Summariser: summary =    956 in 00:05:38 =    2.8/s Avg:  1205 Min:   917 Max:  3161 Err:     0 (0.00%)
2026-06-16 11:04:33,609 INFO o.a.j.t.JMeterThread: Thread is done: conf #2 2-11
2026-06-16 11:04:33,610 INFO o.a.j.t.JMeterThread: Thread finished: conf #2 2-11
2026-06-16 11:04:38,617 INFO o.a.j.t.JMeterThread: Thread is done: conf #2 2-12
2026-06-16 11:04:38,618 INFO o.a.j.t.JMeterThread: Thread finished: conf #2 2-12
2026-06-16 11:04:38,621 INFO o.a.j.e.StandardJMeterEngine: Starting ThreadGroup: 3 : conf #3
2026-06-16 11:04:38,622 INFO o.a.j.e.StandardJMeterEngine: Starting 12 threads for group conf #3.
2026-06-16 11:04:38,623 INFO o.a.j.e.StandardJMeterEngine: Thread will continue on error
2026-06-16 11:04:38,623 INFO o.a.j.t.ThreadGroup: Starting thread group... number=3 threads=12 ramp-up=60 delayedStart=false
2026-06-16 11:04:38,629 INFO o.a.j.t.JMeterThread: Thread started: conf #3 3-1
2026-06-16 11:04:38,636 INFO o.a.j.t.ThreadGroup: Started thread group number 3
2026-06-16 11:04:38,636 INFO o.a.j.e.StandardJMeterEngine: All thread groups have been started
2026-06-16 11:04:43,634 INFO o.a.j.t.JMeterThread: Thread started: conf #3 3-2
2026-06-16 11:04:48,635 INFO o.a.j.t.JMeterThread: Thread started: conf #3 3-3
2026-06-16 11:04:53,632 INFO o.a.j.t.JMeterThread: Thread started: conf #3 3-4
2026-06-16 11:04:58,630 INFO o.a.j.t.JMeterThread: Thread started: conf #3 3-5
2026-06-16 11:05:00,167 INFO o.a.j.r.Summariser: summary +     25 in 00:00:30 =    0.8/s Avg:   628 Min:   518 Max:   961 Err:     0 (0.00%) Active: 5 Started: 29 Finished: 24
2026-06-16 11:05:00,169 INFO o.a.j.r.Summariser: summary =    981 in 00:06:08 =    2.7/s Avg:  1191 Min:   518 Max:  3161 Err:     0 (0.00%)
2026-06-16 11:05:03,641 INFO o.a.j.t.JMeterThread: Thread started: conf #3 3-6
2026-06-16 11:05:08,643 INFO o.a.j.t.JMeterThread: Thread started: conf #3 3-7
2026-06-16 11:05:13,633 INFO o.a.j.t.JMeterThread: Thread started: conf #3 3-8
2026-06-16 11:05:18,640 INFO o.a.j.t.JMeterThread: Thread started: conf #3 3-9
2026-06-16 11:05:23,641 INFO o.a.j.t.JMeterThread: Thread started: conf #3 3-10
2026-06-16 11:05:28,643 INFO o.a.j.t.JMeterThread: Thread started: conf #3 3-11
2026-06-16 11:05:30,176 INFO o.a.j.r.Summariser: summary +     79 in 00:00:30 =    2.6/s Avg:   577 Min:   520 Max:   692 Err:     0 (0.00%) Active: 11 Started: 35 Finished: 24
2026-06-16 11:05:30,178 INFO o.a.j.r.Summariser: summary =   1060 in 00:06:38 =    2.7/s Avg:  1145 Min:   518 Max:  3161 Err:     0 (0.00%)
2026-06-16 11:05:33,634 INFO o.a.j.t.JMeterThread: Thread started: conf #3 3-12
2026-06-16 11:06:03,964 INFO o.a.j.r.Summariser: summary +    111 in 00:00:34 =    3.3/s Avg:   645 Min:   535 Max:  5314 Err:     0 (0.00%) Active: 12 Started: 36 Finished: 24
2026-06-16 11:06:03,966 INFO o.a.j.r.Summariser: summary =   1171 in 00:07:12 =    2.7/s Avg:  1098 Min:   518 Max:  5314 Err:     0 (0.00%)
2026-06-16 11:06:31,508 INFO o.a.j.r.Summariser: summary +    120 in 00:00:28 =    4.4/s Avg:  1044 Min:   530 Max:  6312 Err:     0 (0.00%) Active: 12 Started: 36 Finished: 24
2026-06-16 11:06:31,510 INFO o.a.j.r.Summariser: summary =   1291 in 00:07:39 =    2.8/s Avg:  1093 Min:   518 Max:  6312 Err:     0 (0.00%)
2026-06-16 11:06:38,139 INFO o.a.j.t.JMeterThread: Thread is done: conf #3 3-1
2026-06-16 11:06:38,139 INFO o.a.j.t.JMeterThread: Thread finished: conf #3 3-1
2026-06-16 11:06:43,581 INFO o.a.j.t.JMeterThread: Thread is done: conf #3 3-2
2026-06-16 11:06:43,581 INFO o.a.j.t.JMeterThread: Thread finished: conf #3 3-2
2026-06-16 11:06:49,617 INFO o.a.j.t.JMeterThread: Thread is done: conf #3 3-3
2026-06-16 11:06:49,617 INFO o.a.j.t.JMeterThread: Thread finished: conf #3 3-3
2026-06-16 11:06:53,079 INFO o.a.j.t.JMeterThread: Thread is done: conf #3 3-4
2026-06-16 11:06:53,080 INFO o.a.j.t.JMeterThread: Thread finished: conf #3 3-4
2026-06-16 11:06:58,544 INFO o.a.j.t.JMeterThread: Thread is done: conf #3 3-5
2026-06-16 11:06:58,545 INFO o.a.j.t.JMeterThread: Thread finished: conf #3 3-5
2026-06-16 11:07:01,501 INFO o.a.j.r.Summariser: summary +    103 in 00:00:30 =    3.4/s Avg:   588 Min:   533 Max:   739 Err:     0 (0.00%) Active: 7 Started: 36 Finished: 29
2026-06-16 11:07:01,507 INFO o.a.j.r.Summariser: summary =   1394 in 00:08:09 =    2.8/s Avg:  1055 Min:   518 Max:  6312 Err:     0 (0.00%)
2026-06-16 11:07:04,584 INFO o.a.j.t.JMeterThread: Thread is done: conf #3 3-6
2026-06-16 11:07:04,585 INFO o.a.j.t.JMeterThread: Thread finished: conf #3 3-6
2026-06-16 11:07:08,078 INFO o.a.j.t.JMeterThread: Thread is done: conf #3 3-7
2026-06-16 11:07:08,078 INFO o.a.j.t.JMeterThread: Thread finished: conf #3 3-7
2026-06-16 11:07:14,124 INFO o.a.j.t.JMeterThread: Thread is done: conf #3 3-8
2026-06-16 11:07:14,124 INFO o.a.j.t.JMeterThread: Thread finished: conf #3 3-8
2026-06-16 11:07:19,593 INFO o.a.j.t.JMeterThread: Thread is done: conf #3 3-9
2026-06-16 11:07:19,594 INFO o.a.j.t.JMeterThread: Thread finished: conf #3 3-9
2026-06-16 11:07:23,117 INFO o.a.j.t.JMeterThread: Thread is done: conf #3 3-10
2026-06-16 11:07:23,118 INFO o.a.j.t.JMeterThread: Thread finished: conf #3 3-10
2026-06-16 11:07:29,106 INFO o.a.j.t.JMeterThread: Thread is done: conf #3 3-11
2026-06-16 11:07:29,106 INFO o.a.j.t.JMeterThread: Thread finished: conf #3 3-11
2026-06-16 11:07:31,507 INFO o.a.j.r.Summariser: summary +     45 in 00:00:30 =    1.5/s Avg:   566 Min:   527 Max:   619 Err:     0 (0.00%) Active: 1 Started: 36 Finished: 35
2026-06-16 11:07:31,508 INFO o.a.j.r.Summariser: summary =   1439 in 00:08:39 =    2.8/s Avg:  1040 Min:   518 Max:  6312 Err:     0 (0.00%)
2026-06-16 11:07:34,492 INFO o.a.j.t.JMeterThread: Thread is done: conf #3 3-12
2026-06-16 11:07:34,492 INFO o.a.j.t.JMeterThread: Thread finished: conf #3 3-12
2026-06-16 11:07:34,493 INFO o.a.j.e.StandardJMeterEngine: Notifying test listeners of end of test
2026-06-16 11:07:34,494 INFO o.a.j.r.Summariser: summary +      1 in 00:00:03 =    0.3/s Avg:   525 Min:   525 Max:   525 Err:     0 (0.00%) Active: 0 Started: 36 Finished: 36
2026-06-16 11:07:34,495 INFO o.a.j.r.Summariser: summary =   1440 in 00:08:42 =    2.8/s Avg:  1040 Min:   518 Max:  6312 Err:     0 (0.00%)
